<?xml version="1.0" encoding="UTF-8"?>
<testng-results ignored="0" total="7" passed="7" failed="0" skipped="0">
  <reporter-output>
  </reporter-output>
  <suite started-at="2022-09-27T06:25:23Z" name="Default suite" finished-at="2022-09-27T06:25:37Z" duration-ms="13488">
    <groups>
    </groups>
    <test started-at="2022-09-27T06:25:23Z" name="Default test" finished-at="2022-09-27T06:25:37Z" duration-ms="13488">
      <class name="com.test.Sample">
        <test-method signature="login()[pri:1, instance:com.test.Sample@44d52de2]" started-at="2022-09-27T06:25:23Z" name="login" finished-at="2022-09-27T06:25:27Z" duration-ms="4049" status="PASS">
          <reporter-output>
          </reporter-output>
        </test-method> <!-- login -->
        <test-method signature="addUserAddress()[pri:2, instance:com.test.Sample@44d52de2]" started-at="2022-09-27T06:25:27Z" name="addUserAddress" finished-at="2022-09-27T06:25:29Z" duration-ms="1414" status="PASS">
          <reporter-output>
          </reporter-output>
        </test-method> <!-- addUserAddress -->
        <test-method signature="updateUserAddress()[pri:3, instance:com.test.Sample@44d52de2]" started-at="2022-09-27T06:25:29Z" name="updateUserAddress" finished-at="2022-09-27T06:25:30Z" duration-ms="1533" status="PASS">
          <reporter-output>
          </reporter-output>
        </test-method> <!-- updateUserAddress -->
        <test-method signature="deleteUserAddress()[pri:4, instance:com.test.Sample@44d52de2]" started-at="2022-09-27T06:25:30Z" name="deleteUserAddress" finished-at="2022-09-27T06:25:32Z" duration-ms="1603" status="PASS">
          <reporter-output>
          </reporter-output>
        </test-method> <!-- deleteUserAddress -->
        <test-method signature="getAddresses()[pri:5, instance:com.test.Sample@44d52de2]" started-at="2022-09-27T06:25:32Z" name="getAddresses" finished-at="2022-09-27T06:25:34Z" duration-ms="1548" status="PASS">
          <reporter-output>
          </reporter-output>
        </test-method> <!-- getAddresses -->
        <test-method signature="changeProfilePic()[pri:6, instance:com.test.Sample@44d52de2]" started-at="2022-09-27T06:25:34Z" name="changeProfilePic" finished-at="2022-09-27T06:25:35Z" duration-ms="1876" status="PASS">
          <reporter-output>
          </reporter-output>
        </test-method> <!-- changeProfilePic -->
        <test-method signature="searchProduct()[pri:7, instance:com.test.Sample@44d52de2]" started-at="2022-09-27T06:25:35Z" name="searchProduct" finished-at="2022-09-27T06:25:37Z" duration-ms="1423" status="PASS">
          <reporter-output>
          </reporter-output>
        </test-method> <!-- searchProduct -->
      </class> <!-- com.test.Sample -->
    </test> <!-- Default test -->
  </suite> <!-- Default suite -->
</testng-results>
