<?xml version="1.0" encoding="UTF-8"?>
<!-- Generated by org.testng.reporters.JUnitXMLReporter -->
<testsuite ignored="0" hostname="DESKTOP-N4N84C2" failures="0" tests="7" name="Default test" time="13.488" errors="0" timestamp="27 Sep 2022 06:25:37 GMT">
  <testcase classname="com.test.Sample" name="login" time="4.049"/>
  <testcase classname="com.test.Sample" name="addUserAddress" time="1.414"/>
  <testcase classname="com.test.Sample" name="updateUserAddress" time="1.533"/>
  <testcase classname="com.test.Sample" name="deleteUserAddress" time="1.603"/>
  <testcase classname="com.test.Sample" name="getAddresses" time="1.548"/>
  <testcase classname="com.test.Sample" name="changeProfilePic" time="1.876"/>
  <testcase classname="com.test.Sample" name="searchProduct" time="1.423"/>
</testsuite> <!-- Default test -->
